<?xml version="1.0" encoding="UTF-8"?>
<testsuite name="TestSuite" time="156.752" tests="19" errors="0" skipped="0" failures="1">
  <properties>
    <property name="java.runtime.name" value="Java(TM) SE Runtime Environment"/>
    <property name="sun.boot.library.path" value="C:\Program Files\Java\jre1.8.0_171\bin"/>
    <property name="java.vm.version" value="25.171-b11"/>
    <property name="java.vm.vendor" value="Oracle Corporation"/>
    <property name="maven.multiModuleProjectDirectory" value="E:\2020\working\OrangeHRM_NH"/>
    <property name="java.vendor.url" value="http://java.oracle.com/"/>
    <property name="path.separator" value=";"/>
    <property name="guice.disable.misplaced.annotation.check" value="true"/>
    <property name="java.vm.name" value="Java HotSpot(TM) 64-Bit Server VM"/>
    <property name="file.encoding.pkg" value="sun.io"/>
    <property name="user.script" value=""/>
    <property name="user.country" value="IN"/>
    <property name="sun.java.launcher" value="SUN_STANDARD"/>
    <property name="sun.os.patch.level" value=""/>
    <property name="java.vm.specification.name" value="Java Virtual Machine Specification"/>
    <property name="user.dir" value="E:\2020\working\OrangeHRM_NH"/>
    <property name="java.runtime.version" value="1.8.0_171-b11"/>
    <property name="java.awt.graphicsenv" value="sun.awt.Win32GraphicsEnvironment"/>
    <property name="java.endorsed.dirs" value="C:\Program Files\Java\jre1.8.0_171\lib\endorsed"/>
    <property name="os.arch" value="amd64"/>
    <property name="java.io.tmpdir" value="C:\Users\Mahesh\AppData\Local\Temp\"/>
    <property name="line.separator" value="&#10;"/>
    <property name="java.vm.specification.vendor" value="Oracle Corporation"/>
    <property name="user.variant" value=""/>
    <property name="os.name" value="Windows 10"/>
    <property name="classworlds.conf" value="E:\2020\working\.metadata\.plugins\org.eclipse.m2e.launching\launches\m2conf6573805600200258306.tmp"/>
    <property name="sun.jnu.encoding" value="Cp1252"/>
    <property name="java.library.path" value="C:\Program Files\Java\jre1.8.0_171\bin;C:\Windows\Sun\Java\bin;C:\Windows\system32;C:\Windows;C:/Program Files/Java/jre1.8.0_171/bin/server;C:/Program Files/Java/jre1.8.0_171/bin;C:/Program Files/Java/jre1.8.0_171/lib/amd64;C:\Program Files (x86)\Common Files\Oracle\Java\javapath;C:\Windows\system32;C:\Windows;C:\Windows\System32\Wbem;C:\Windows\System32\WindowsPowerShell\v1.0\;C:\Windows\System32\OpenSSH\;C:\Program Files\Java\jdk1.8.0_171\bin;C:\Program Files\Git\cmd;C:\Program Files\Git\mingw64\bin;C:\Program Files\Git\usr\bin;C:\Program Files\Git\bin;C:\apache-maven-3.6.3\bin;%MAVEN_HOME%;%M2_HOME%\bin;C:\Program Files\Java\jdk1.8.0_171;C:\Program Files\Java\jdk1.8.0_171\lib;C:\Users\Mahesh\AppData\Local\Microsoft\WindowsApps;;E:\2020\eclipse;;."/>
    <property name="java.specification.name" value="Java Platform API Specification"/>
    <property name="java.class.version" value="52.0"/>
    <property name="sun.management.compiler" value="HotSpot 64-Bit Tiered Compilers"/>
    <property name="os.version" value="10.0"/>
    <property name="user.home" value="C:\Users\Mahesh"/>
    <property name="user.timezone" value="Asia/Calcutta"/>
    <property name="java.awt.printerjob" value="sun.awt.windows.WPrinterJob"/>
    <property name="java.specification.version" value="1.8"/>
    <property name="file.encoding" value="Cp1252"/>
    <property name="user.name" value="Mahesh"/>
    <property name="java.class.path" value="E:\2020\eclipse\plugins\org.eclipse.m2e.maven.runtime_1.8.3.20180227-2135\jars\plexus-classworlds-2.5.2.jar"/>
    <property name="java.vm.specification.version" value="1.8"/>
    <property name="sun.arch.data.model" value="64"/>
    <property name="java.home" value="C:\Program Files\Java\jre1.8.0_171"/>
    <property name="sun.java.command" value="org.codehaus.plexus.classworlds.launcher.Launcher -B test"/>
    <property name="java.specification.vendor" value="Oracle Corporation"/>
    <property name="user.language" value="en"/>
    <property name="awt.toolkit" value="sun.awt.windows.WToolkit"/>
    <property name="java.vm.info" value="mixed mode"/>
    <property name="java.version" value="1.8.0_171"/>
    <property name="java.ext.dirs" value="C:\Program Files\Java\jre1.8.0_171\lib\ext;C:\Windows\Sun\Java\lib\ext"/>
    <property name="sun.boot.class.path" value="C:\Program Files\Java\jre1.8.0_171\lib\resources.jar;C:\Program Files\Java\jre1.8.0_171\lib\rt.jar;C:\Program Files\Java\jre1.8.0_171\lib\sunrsasign.jar;C:\Program Files\Java\jre1.8.0_171\lib\jsse.jar;C:\Program Files\Java\jre1.8.0_171\lib\jce.jar;C:\Program Files\Java\jre1.8.0_171\lib\charsets.jar;C:\Program Files\Java\jre1.8.0_171\lib\jfr.jar;C:\Program Files\Java\jre1.8.0_171\classes"/>
    <property name="java.vendor" value="Oracle Corporation"/>
    <property name="maven.home" value="E:\2020\working\OrangeHRM_NH\EMBEDDED"/>
    <property name="file.separator" value="\"/>
    <property name="java.vendor.url.bug" value="http://bugreport.sun.com/bugreport/"/>
    <property name="sun.cpu.endian" value="little"/>
    <property name="sun.io.unicode.encoding" value="UnicodeLittle"/>
    <property name="sun.desktop" value="windows"/>
    <property name="sun.cpu.isalist" value="amd64"/>
  </properties>
  <testcase name="loginPageLogoTest" classname="com.TestCases.LoginPageTest" time="0.212"/>
  <testcase name="loginPagevalidtest" classname="com.TestCases.LoginPageTest" time="0.014"/>
  <testcase name="logintest" classname="com.TestCases.LoginPageTest" time="5.232"/>
  <testcase name="logintest" classname="com.TestCases.LoginPageTest" time="7.983"/>
  <testcase name="logintest" classname="com.TestCases.LoginPageTest" time="4.636"/>
  <testcase name="verifyemployeepagelbeltest" classname="com.TestCases.AddemployeePageTest" time="26.745"/>
  <testcase name="addemployeepagetest" classname="com.TestCases.AddemployeePageTest" time="45.677"/>
  <testcase name="addemployeepagetest" classname="com.TestCases.AddemployeePageTest" time="42.986"/>
  <testcase name="addemployeepagetest" classname="com.TestCases.AddemployeePageTest" time="42.942"/>
  <testcase name="addemployeepagetest" classname="com.TestCases.AddemployeePageTest" time="42.694"/>
  <testcase name="addemployeepagetest" classname="com.TestCases.AddemployeePageTest" time="42.716"/>
  <testcase name="addempleelistlabletest" classname="com.TestCases.EmployeepagelistTest" time="12.269"/>
  <testcase name="empleelistTest" classname="com.TestCases.EmployeepagelistTest" time="20.862">
    <failure message="The workbook already contains a sheet of this name" type="java.lang.IllegalArgumentException">java.lang.IllegalArgumentException: The workbook already contains a sheet of this name
	at org.apache.poi.xssf.usermodel.XSSFWorkbook.createSheet(XSSFWorkbook.java:650)
	at com.Page.Employeelistpage.getelistOfEmployees(Employeelistpage.java:46)
	at com.TestCases.EmployeepagelistTest.empleelistTest(EmployeepagelistTest.java:52)
</failure>
    <system-out><![CDATA[20
]]></system-out>
  </testcase>
  <testcase name="homepagevalidatioontest" classname="com.TestCases.HomePageTest" time="0.051"/>
  <testcase name="adminPAgeTest" classname="com.TestCases.HomePageTest" time="1.516"/>
  <testcase name="pimPageTest" classname="com.TestCases.HomePageTest" time="0.872"/>
  <testcase name="recruitementPageTest" classname="com.TestCases.HomePageTest" time="1.859"/>
  <testcase name="verifyaddemployeetest" classname="com.TestCases.HomePageTest" time="30.685"/>
  <testcase name="verifyemployeelistTest" classname="com.TestCases.HomePageTest" time="10.758"/>
</testsuite>