<?xml version="1.0" encoding="UTF-8"?>
<!-- Generated by org.testng.reporters.JUnitReportReporter -->
<testsuite skipped="0" hostname="DESKTOP-NKG6J0Q" name="com.TestCases.LoginPageTest" tests="5" failures="0" timestamp="23 Jan 2021 10:30:11 GMT" time="16.763" errors="0">
  <testcase name="loginPageLogoTest" time="0.121" classname="com.TestCases.LoginPageTest"/>
  <testcase name="loginPagevalidtest" time="0.012" classname="com.TestCases.LoginPageTest"/>
  <testcase name="logintest" time="4.737" classname="com.TestCases.LoginPageTest"/>
  <testcase name="logintest" time="7.321" classname="com.TestCases.LoginPageTest"/>
  <testcase name="logintest" time="4.572" classname="com.TestCases.LoginPageTest"/>
</testsuite> <!-- com.TestCases.LoginPageTest -->
