<?xml version="1.0" encoding="UTF-8"?>
<!-- Generated by org.testng.reporters.JUnitReportReporter -->
<testsuite skipped="0" hostname="DESKTOP-NKG6J0Q" name="com.TestCases.EmployeepagelistTest" tests="2" failures="0" timestamp="23 Jan 2021 10:37:59 GMT" time="40.528" errors="0">
  <testcase name="addempleelistlabletest" time="11.024" classname="com.TestCases.EmployeepagelistTest"/>
  <testcase name="empleelistTest" time="29.504" classname="com.TestCases.EmployeepagelistTest"/>
</testsuite> <!-- com.TestCases.EmployeepagelistTest -->
