<?xml version="1.0" encoding="UTF-8"?>
<!-- Generated by org.testng.reporters.JUnitReportReporter -->
<testsuite skipped="0" hostname="DESKTOP-NKG6J0Q" name="com.TestCases.HomePageTest" tests="6" failures="0" timestamp="22 Jan 2021 06:29:38 GMT" time="45.741" errors="0">
  <testcase name="homepagevalidatioontest" time="0.052" classname="com.TestCases.HomePageTest"/>
  <testcase name="adminPAgeTest" time="1.514" classname="com.TestCases.HomePageTest"/>
  <testcase name="pimPageTest" time="0.873" classname="com.TestCases.HomePageTest"/>
  <testcase name="recruitementPageTest" time="1.859" classname="com.TestCases.HomePageTest"/>
  <testcase name="verifyaddemployeetest" time="30.684" classname="com.TestCases.HomePageTest"/>
  <testcase name="verifyemployeelistTest" time="10.759" classname="com.TestCases.HomePageTest"/>
</testsuite> <!-- com.TestCases.HomePageTest -->
