<?xml version="1.0" encoding="UTF-8"?>
<!-- Generated by org.testng.reporters.JUnitReportReporter -->
<testsuite skipped="0" hostname="DESKTOP-NKG6J0Q" name="com.TestCases.LoginPageTest" tests="5" failures="0" timestamp="22 Jan 2021 06:29:38 GMT" time="18.066" errors="0">
  <testcase name="loginPageLogoTest" time="0.209" classname="com.TestCases.LoginPageTest"/>
  <testcase name="loginPagevalidtest" time="0.012" classname="com.TestCases.LoginPageTest"/>
  <testcase name="logintest" time="7.982" classname="com.TestCases.LoginPageTest"/>
  <testcase name="logintest" time="4.630" classname="com.TestCases.LoginPageTest"/>
  <testcase name="logintest" time="5.233" classname="com.TestCases.LoginPageTest"/>
</testsuite> <!-- com.TestCases.LoginPageTest -->
