<?xml version="1.0" encoding="UTF-8"?>
<!-- Generated by org.testng.reporters.JUnitReportReporter -->
<testsuite skipped="0" hostname="DESKTOP-NKG6J0Q" name="com.TestCases.AddemployeePageTest" tests="6" failures="0" timestamp="22 Jan 2021 06:29:38 GMT" time="243.766" errors="0">
  <testcase name="verifyemployeepagelbeltest" time="26.751" classname="com.TestCases.AddemployeePageTest"/>
  <testcase name="addemployeepagetest" time="42.944" classname="com.TestCases.AddemployeePageTest"/>
  <testcase name="addemployeepagetest" time="42.716" classname="com.TestCases.AddemployeePageTest"/>
  <testcase name="addemployeepagetest" time="45.676" classname="com.TestCases.AddemployeePageTest"/>
  <testcase name="addemployeepagetest" time="42.985" classname="com.TestCases.AddemployeePageTest"/>
  <testcase name="addemployeepagetest" time="42.694" classname="com.TestCases.AddemployeePageTest"/>
</testsuite> <!-- com.TestCases.AddemployeePageTest -->
