<?xml version="1.0" encoding="UTF-8"?>
<!-- Generated by org.testng.reporters.JUnitReportReporter -->
<testsuite skipped="0" hostname="DESKTOP-NKG6J0Q" name="com.TestCases.LoginPageTest" tests="1" failures="0" timestamp="22 Jan 2021 06:19:12 GMT" time="0.178" errors="0">
  <testcase name="loginPageLogoTest" time="0.178" classname="com.TestCases.LoginPageTest"/>
</testsuite> <!-- com.TestCases.LoginPageTest -->
